AASquishyBird/proguard/seeds.txt
com.ironsource.mobilcore.g
com.ironsource.mobilcore.g: java.lang.String a
com.ironsource.mobilcore.g: java.lang.String b
com.ironsource.mobilcore.g: java.lang.String c
com.ironsource.mobilcore.g: java.lang.String d
com.ironsource.mobilcore.g: java.lang.String e
com.ironsource.mobilcore.g: android.app.NotificationManager f
com.ironsource.mobilcore.g: int g
com.ironsource.mobilcore.g: int h
com.ironsource.mobilcore.g: android.app.Notification$Builder i
com.ironsource.mobilcore.g: android.app.Notification j
com.ironsource.mobilcore.g: android.content.Context k
com.ironsource.mobilcore.g: int l
com.ironsource.mobilcore.g: android.app.DownloadManager m
com.ironsource.mobilcore.g: java.lang.String n
com.ironsource.mobilcore.g: java.lang.String o
com.ironsource.mobilcore.g: g(android.content.Context,android.content.Intent)
com.ironsource.mobilcore.g: void a(java.lang.String,java.lang.String,java.lang.String,java.lang.String,java.lang.String,long,java.lang.String)
com.ironsource.mobilcore.g: void a(java.lang.String,java.lang.String,java.lang.String,java.lang.String,java.lang.String,boolean)
com.ironsource.mobilcore.g: java.lang.String a(java.lang.String)
com.ironsource.mobilcore.g: void a(java.lang.String,java.lang.String,android.graphics.Bitmap)
com.ironsource.mobilcore.g: void a(java.lang.String,java.lang.String)
com.ironsource.mobilcore.h
com.ironsource.mobilcore.h: java.lang.String x
com.ironsource.mobilcore.h: java.lang.String y
com.ironsource.mobilcore.h: java.lang.String z
com.ironsource.mobilcore.h: java.lang.String A
com.ironsource.mobilcore.h: h()
com.ironsource.mobilcore.h: h(com.ironsource.mobilcore.c)
com.ironsource.mobilcore.h: void n(java.lang.String)
com.ironsource.mobilcore.h: void o(java.lang.String)
com.ironsource.mobilcore.h: void p(java.lang.String)
com.ironsource.mobilcore.h: void q(java.lang.String)
com.ironsource.mobilcore.h: java.util.HashMap a(java.util.HashMap)
com.ironsource.mobilcore.i
com.ironsource.mobilcore.i: java.lang.Integer a
com.ironsource.mobilcore.i: void <clinit>()
com.ironsource.mobilcore.j
com.ironsource.mobilcore.j: java.lang.String a(java.lang.String)
com.ironsource.mobilcore.j: java.lang.String b(java.lang.String)
com.ironsource.mobilcore.j: java.lang.String c(java.lang.String)
com.ironsource.mobilcore.k
com.ironsource.mobilcore.k: com.ironsource.mobilcore.k$a a
com.ironsource.mobilcore.k: boolean b
com.ironsource.mobilcore.k: android.app.Activity c
com.ironsource.mobilcore.k: java.lang.String d
com.ironsource.mobilcore.k: java.lang.String e
com.ironsource.mobilcore.k: java.lang.String f
com.ironsource.mobilcore.k: com.ironsource.mobilcore.k g
com.ironsource.mobilcore.k: boolean h
com.ironsource.mobilcore.k: com.ironsource.mobilcore.CallbackResponse i
com.ironsource.mobilcore.k: k()
com.ironsource.mobilcore.k: com.ironsource.mobilcore.k a()
com.ironsource.mobilcore.k: java.lang.String b()
com.ironsource.mobilcore.k: void a(android.app.Activity,java.lang.String)
com.ironsource.mobilcore.k: void a(android.app.Activity)
com.ironsource.mobilcore.k: java.lang.String c()
com.ironsource.mobilcore.k: java.lang.String a(java.lang.String)
com.ironsource.mobilcore.k$1
com.ironsource.mobilcore.k$1: int[] a
com.ironsource.mobilcore.k$1: void <clinit>()
com.ironsource.mobilcore.k$a
com.ironsource.mobilcore.k$a: com.ironsource.mobilcore.k$a a
com.ironsource.mobilcore.k$a: com.ironsource.mobilcore.k$a b
com.ironsource.mobilcore.k$a: com.ironsource.mobilcore.k$a c
com.ironsource.mobilcore.k$a: com.ironsource.mobilcore.k$a d
com.ironsource.mobilcore.k$a: com.ironsource.mobilcore.k$a e
com.ironsource.mobilcore.k$a: com.ironsource.mobilcore.k$a f
com.ironsource.mobilcore.k$a: com.ironsource.mobilcore.k$a[] g
com.ironsource.mobilcore.k$a: com.ironsource.mobilcore.k$a[] values()
com.ironsource.mobilcore.k$a: com.ironsource.mobilcore.k$a valueOf(java.lang.String)
com.ironsource.mobilcore.k$a: k$a(java.lang.String,int)
com.ironsource.mobilcore.k$a: void <clinit>()