AASquishyBird/proguard/mapping.txt
com.google.ads.mediation.MediationServerParameters$Parameter -> com.google.a.a.g$b:
    java.lang.String name() -> a
    boolean required() -> b
com.google.ads.mediation.NetworkExtras -> com.google.a.a.h:
com.google.ads.mediation.admob.AdMobServerParameters -> com.google.a.a.a.a:
    java.lang.String allowHouseAds -> a
    java.lang.String adJson -> b
    int tagForChildDirectedTreatment -> c
com.google.analytics.tracking.android.AnalyticsClient -> com.google.b.a.a.a:
    void sendHit(java.util.Map,long,java.lang.String,java.util.List) -> a
    void clearHits() -> a
    void connect() -> b
    void disconnect() -> c
com.google.analytics.tracking.android.AnalyticsGmsCoreClient -> com.google.b.a.a.b:
    android.content.ServiceConnection mConnection -> a
    com.google.analytics.tracking.android.AnalyticsGmsCoreClient$OnConnectedListener mOnConnectedListener -> b
    com.google.analytics.tracking.android.AnalyticsGmsCoreClient$OnConnectionFailedListener mOnConnectionFailedListener -> c
    android.content.Context mContext -> d
    com.google.android.gms.analytics.internal.IAnalyticsService mService -> e
    75:92:void connect() -> b
    103:125:void disconnect() -> c
    131:135:void sendHit(java.util.Map,long,java.lang.String,java.util.List) -> a
    140:144:void clearHits() -> a
    146:147:com.google.android.gms.analytics.internal.IAnalyticsService getService() -> f
    155:159:void checkConnected() -> d
    165:165:boolean isConnected() -> e
    207:208:void onServiceBound() -> g
    215:216:void onConnectionSuccess() -> h
    24:24:com.google.android.gms.analytics.internal.IAnalyticsService access$002(com.google.analytics.tracking.android.AnalyticsGmsCoreClient,com.google.android.gms.analytics.internal.IAnalyticsService) -> a
    24:24:void access$100(com.google.analytics.tracking.android.AnalyticsGmsCoreClient) -> a
    24:24:android.content.Context access$200(com.google.analytics.tracking.android.AnalyticsGmsCoreClient) -> b
    24:24:android.content.ServiceConnection access$302(com.google.analytics.tracking.android.AnalyticsGmsCoreClient,android.content.ServiceConnection) -> a
com.google.analytics.tracking.android.AnalyticsGmsCoreClient$AnalyticsServiceConnection -> com.google.b.a.a.b$a:
    com.google.analytics.tracking.android.AnalyticsGmsCoreClient this$0 -> a
    172:192:void onServiceConnected(android.content.ComponentName,android.os.IBinder) -> onServiceConnected
    196:199:void onServiceDisconnected(android.content.ComponentName) -> onServiceDisconnected
com.google.analytics.tracking.android.AnalyticsGmsCoreClient$OnConnectedListener -> com.google.b.a.a.b$b:
    void onConnected() -> a
    void onDisconnected() -> b
com.google.analytics.tracking.android.AnalyticsGmsCoreClient$OnConnectionFailedListener -> com.google.b.a.a.b$c:
    void onConnectionFailed(int,android.content.Intent) -> a
com.google.analytics.tracking.android.AnalyticsStore -> com.google.b.a.a.c:
    void putHit(java.util.Map,long,java.lang.String,java.util.Collection) -> a
    void clearHits(long) -> a
    void dispatch() -> a
    com.google.analytics.tracking.android.Dispatcher getDispatcher() -> b
com.google.analytics.tracking.android.AnalyticsStoreStateListener -> com.google.b.a.a.d:
    void reportStoreIsEmpty(boolean) -> a
com.google.analytics.tracking.android.AnalyticsThread -> com.google.b.a.a.e:
    void sendHit(java.util.Map) -> a
    void dispatch() -> a
    void setForceLocalDispatch() -> b
    java.util.concurrent.LinkedBlockingQueue getQueue() -> c
    java.lang.Thread getThread() -> d