AASquishyBird/proguard/usage.txt
com.google.android.gms.appstate.AppStateManager$StateConflictResult
com.google.android.gms.appstate.AppStateManager$StateDeletedResult
com.google.android.gms.appstate.AppStateManager$StateListResult
com.google.android.gms.appstate.AppStateManager$StateLoadedResult
com.google.android.gms.appstate.AppStateManager$StateResult
com.google.android.gms.appstate.AppStateManager$a
com.google.android.gms.appstate.AppStateManager$b
com.google.android.gms.appstate.AppStateManager$c
com.google.android.gms.appstate.AppStateManager$c$1
com.google.android.gms.appstate.AppStateManager$d
com.google.android.gms.appstate.AppStateManager$e
com.google.android.gms.appstate.AppStateStatusCodes
com.google.android.gms.appstate.OnSignOutCompleteListener
com.google.android.gms.appstate.OnStateDeletedListener
com.google.android.gms.appstate.OnStateListLoadedListener
com.google.android.gms.appstate.OnStateLoadedListener
com.google.android.gms.appstate.a
com.google.android.gms.appstate.b
com.google.android.gms.auth.GoogleAuthException
com.google.android.gms.auth.GoogleAuthUtil
com.google.android.gms.auth.GooglePlayServicesAvailabilityException
com.google.android.gms.auth.UserRecoverableAuthException
com.google.android.gms.auth.UserRecoverableNotifiedException
com.google.android.gms.cast.ApplicationMetadata:
    public boolean isNamespaceSupported(java.lang.String)
    public boolean areNamespacesSupported(java.util.List)
com.google.android.gms.cast.Cast
com.google.android.gms.cast.Cast$1
com.google.android.gms.cast.Cast$ApplicationConnectionResult
com.google.android.gms.cast.Cast$CastApi
com.google.android.gms.cast.Cast$CastApi$a
com.google.android.gms.cast.Cast$CastApi$a$1
com.google.android.gms.cast.Cast$CastApi$a$2
com.google.android.gms.cast.Cast$CastApi$a$3
com.google.android.gms.cast.Cast$CastApi$a$4
com.google.android.gms.cast.Cast$CastApi$a$5
com.google.android.gms.cast.Cast$CastApi$a$6
com.google.android.gms.cast.Cast$CastApi$a$7
com.google.android.gms.cast.Cast$CastApi$a$8
com.google.android.gms.cast.Cast$CastApi$a$9
com.google.android.gms.cast.Cast$CastOptions
com.google.android.gms.cast.Cast$CastOptions$Builder
com.google.android.gms.cast.Cast$Listener
com.google.android.gms.cast.Cast$MessageReceivedCallback
com.google.android.gms.cast.Cast$a
com.google.android.gms.cast.Cast$b
com.google.android.gms.cast.Cast$c
com.google.android.gms.cast.Cast$c$1
com.google.android.gms.cast.CastDevice:
    public java.net.Inet4Address getIpAddress()
    public com.google.android.gms.common.images.WebImage getIcon(int,int)
    public boolean hasIcons()
    public boolean isSameDevice(com.google.android.gms.cast.CastDevice)
    public void putInBundle(android.os.Bundle)
    public static com.google.android.gms.cast.CastDevice getFromBundle(android.os.Bundle)
com.google.android.gms.cast.CastMediaControlIntent
com.google.android.gms.cast.CastStatusCodes
com.google.android.gms.cast.MediaInfo
com.google.android.gms.cast.MediaInfo$Builder
com.google.android.gms.cast.MediaMetadata
com.google.android.gms.cast.MediaMetadata$a
com.google.android.gms.cast.MediaStatus
com.google.android.gms.cast.RemoteMediaPlayer
com.google.android.gms.cast.RemoteMediaPlayer$1
com.google.android.gms.cast.RemoteMediaPlayer$2
com.google.android.gms.cast.RemoteMediaPlayer$3
com.google.android.gms.cast.RemoteMediaPlayer$4
com.google.android.gms.cast.RemoteMediaPlayer$5
com.google.android.gms.cast.RemoteMediaPlayer$6
com.google.android.gms.cast.RemoteMediaPlayer$MediaChannelResult
com.google.android.gms.cast.RemoteMediaPlayer$OnMetadataUpdatedListener
com.google.android.gms.cast.RemoteMediaPlayer$OnStatusUpdatedListener
com.google.android.gms.cast.RemoteMediaPlayer$a
com.google.android.gms.cast.RemoteMediaPlayer$a$a
com.google.android.gms.cast.RemoteMediaPlayer$b
com.google.android.gms.cast.RemoteMediaPlayer$b$1
com.google.android.gms.cast.RemoteMediaPlayer$b$2
com.google.android.gms.cast.RemoteMediaPlayer$c
com.google.android.gms.common.AccountPicker